Using pre-set license
Built from '2020.2/staging' branch; Version is '2020.2.6f1 (8a2143876886) revision 9052483'; Using compiler version '192528614'; Build Type 'Release'
OS: 'Windows 10 Home; OS build 19044.1586; Version 2009; 64bit' Language: 'pt' Physical Memory: 16323 MB
BatchMode: 1, IsHumanControllingUs: 0, StartBugReporterOnCrash: 0, Is64bit: 1, IsPro: 0

 COMMAND LINE ARGUMENTS:
C:\Program Files\Unity\Hub\Editor\2020.2.6f1\Editor\Unity.exe
-adb2
-batchMode
-noUpm
-name
AssetImportWorker0
-projectPath
C:/Users/veron/Desktop/JogosUnity/SoulsLike
-logFile
Logs/AssetImportWorker0.log
-srvPort
51896
Successfully changed project path to: C:/Users/veron/Desktop/JogosUnity/SoulsLike
C:/Users/veron/Desktop/JogosUnity/SoulsLike
Using Asset Import Pipeline V2.
Refreshing native plugins compatible for Editor in 41.91 ms, found 1 plugins.
Preloading 0 native plugins for Editor in 0.00 ms.
Initialize engine version: 2020.2.6f1 (8a2143876886)
[Subsystems] Discovering subsystems at path C:/Program Files/Unity/Hub/Editor/2020.2.6f1/Editor/Data/Resources/UnitySubsystems
[Subsystems] Discovering subsystems at path C:/Users/veron/Desktop/JogosUnity/SoulsLike/Assets
GfxDevice: creating device client; threaded=0
Direct3D:
    Version:  Direct3D 11.0 [level 11.1]
    Renderer: NVIDIA GeForce GTX 1060 6GB (ID=0x1c03)
    Vendor:   
    VRAM:     6052 MB
    Driver:   30.0.15.1179
Initialize mono
Mono path[0] = 'C:/Program Files/Unity/Hub/Editor/2020.2.6f1/Editor/Data/Managed'
Mono path[1] = 'C:/Program Files/Unity/Hub/Editor/2020.2.6f1/Editor/Data/MonoBleedingEdge/lib/mono/unityjit'
Mono config path = 'C:/Program Files/Unity/Hub/Editor/2020.2.6f1/Editor/Data/MonoBleedingEdge/etc'
Using monoOptions --debugger-agent=transport=dt_socket,embedding=1,server=y,suspend=n,address=127.0.0.1:56212
Begin MonoManager ReloadAssembly
Registering precompiled unity dll's ...
Register platform support module: C:/Program Files/Unity/Hub/Editor/2020.2.6f1/Editor/Data/PlaybackEngines/WindowsStandaloneSupport/UnityEditor.WindowsStandalone.Extensions.dll
Registered in 0.002494 seconds.
Native extension for WindowsStandalone target not found
Refreshing native plugins compatible for Editor in 45.70 ms, found 1 plugins.
Preloading 0 native plugins for Editor in 0.00 ms.
Invoked RoslynAnalysisRunner static constructor.
RoslynAnalysisRunner will not be running.
RoslynAnalysisRunner has terminated.
Mono: successfully reloaded assembly
- Completed reload, in  1.128 seconds
Platform modules already initialized, skipping
Registering precompiled user dll's ...
Registered in 0.001012 seconds.
Begin MonoManager ReloadAssembly
Native extension for WindowsStandalone target not found
Refreshing native plugins compatible for Editor in 43.66 ms, found 1 plugins.
Preloading 0 native plugins for Editor in 0.00 ms.
Invoked RoslynAnalysisRunner static constructor.
RoslynAnalysisRunner will not be running.
RoslynAnalysisRunner has terminated.
Mono: successfully reloaded assembly
- Completed reload, in  1.029 seconds
Platform modules already initialized, skipping
========================================================================
Worker process is ready to serve import requests
Launched and connected shader compiler UnityShaderCompiler.exe after 0.04 seconds
Refreshing native plugins compatible for Editor in 0.53 ms, found 1 plugins.
Preloading 0 native plugins for Editor in 0.00 ms.
Unloading 1950 Unused Serialized files (Serialized files now loaded: 0)
System memory in use before: 89.8 MB.
System memory in use after: 89.9 MB.

Unloading 20 unused Assets to reduce memory usage. Loaded Objects now: 2398.
Total: 2.650400 ms (FindLiveObjects: 0.300300 ms CreateObjectMapping: 0.193700 ms MarkObjects: 2.081100 ms  DeleteObjects: 0.074000 ms)

========================================================================
Received Import Request.
  path: Assets/Sprites/Personagem/FreeKnight_v1
  artifactKey: Guid(78616874f183fc94386e2553e5d17ac9) Importer(815301076,1909f56bfc062723c751e8b465ee728b)
Start importing Assets/Sprites/Personagem/FreeKnight_v1 using Guid(78616874f183fc94386e2553e5d17ac9) Importer(815301076,1909f56bfc062723c751e8b465ee728b)  -> (artifact id: '71af4adb80e5938aa86d8e8c6c4e5305') in 0.010904 seconds
  Import took 0.014911 seconds .

========================================================================
Received Import Request.
  Time since last request: 8.100700 seconds.
  path: Assets/Sprites/Personagem/FreeKnight_v1/Colour1/Outline/120x80_PNGSheets/_Attack.png
  artifactKey: Guid(c954ffd6828df144dbe7d2befb1a1f7f) Importer(815301076,1909f56bfc062723c751e8b465ee728b)
Start importing Assets/Sprites/Personagem/FreeKnight_v1/Colour1/Outline/120x80_PNGSheets/_Attack.png using Guid(c954ffd6828df144dbe7d2befb1a1f7f) Importer(815301076,1909f56bfc062723c751e8b465ee728b)  -> (artifact id: 'cdb7e064735e2a01b898b53c737464cc') in 0.093037 seconds
  Import took 0.096574 seconds .

========================================================================
Received Import Request.
  Time since last request: 9.964290 seconds.
  path: Assets/Sprites/Personagem/FreeKnight_v1/Colour1/Outline/120x80_PNGSheets/_Idle.png
  artifactKey: Guid(06ff589efe6d458479f69fedbb694e68) Importer(815301076,1909f56bfc062723c751e8b465ee728b)
Start importing Assets/Sprites/Personagem/FreeKnight_v1/Colour1/Outline/120x80_PNGSheets/_Idle.png using Guid(06ff589efe6d458479f69fedbb694e68) Importer(815301076,1909f56bfc062723c751e8b465ee728b)  -> (artifact id: 'a70567005240de16f0e2a93288d1ea54') in 0.015553 seconds
  Import took 0.019085 seconds .

========================================================================
Received Import Request.
  Time since last request: 0.000680 seconds.
  path: Assets/Sprites/Personagem/FreeKnight_v1/Colour1/Outline/120x80_PNGSheets/_Idle.png
  artifactKey: Guid(06ff589efe6d458479f69fedbb694e68) Importer(815301076,1909f56bfc062723c751e8b465ee728b)
Start importing Assets/Sprites/Personagem/FreeKnight_v1/Colour1/Outline/120x80_PNGSheets/_Idle.png using Guid(06ff589efe6d458479f69fedbb694e68) Importer(815301076,1909f56bfc062723c751e8b465ee728b)  -> (artifact id: 'a70567005240de16f0e2a93288d1ea54') in 0.010580 seconds
  Import took 0.014545 seconds .

========================================================================
Received Import Request.
  Time since last request: 31.449340 seconds.
  path: Assets/Sprites/Personagem/FreeKnight_v1/Colour1/Outline/120x80_PNGSheets
  artifactKey: Guid(f380b0791f04e7345a7929da1c5ed5cb) Importer(815301076,1909f56bfc062723c751e8b465ee728b)
Start importing Assets/Sprites/Personagem/FreeKnight_v1/Colour1/Outline/120x80_PNGSheets using Guid(f380b0791f04e7345a7929da1c5ed5cb) Importer(815301076,1909f56bfc062723c751e8b465ee728b)  -> (artifact id: '3f7105d5395f668b12d8d3e99a0555f3') in 0.007645 seconds
  Import took 0.012021 seconds .

========================================================================
Received Import Request.
  Time since last request: 3.982073 seconds.
  path: Assets/Sprites/Personagem/FreeKnight_v1/Colour1/Outline/120x80_gifs/__Idle.gif
  artifactKey: Guid(27fb54f954c5ad04eaea10da7af8830b) Importer(815301076,1909f56bfc062723c751e8b465ee728b)
Start importing Assets/Sprites/Personagem/FreeKnight_v1/Colour1/Outline/120x80_gifs/__Idle.gif using Guid(27fb54f954c5ad04eaea10da7af8830b) Importer(815301076,1909f56bfc062723c751e8b465ee728b)  -> (artifact id: 'b3148b75f4b4fc54e41ca42cdc246762') in 0.019374 seconds
  Import took 0.023305 seconds .

========================================================================
Received Import Request.
  Time since last request: 30.352089 seconds.
  path: Assets/Sprites/Personagem/FreeKnight_v1/Colour1/Outline/120x80_PNGSheets/_Idle.png
  artifactKey: Guid(06ff589efe6d458479f69fedbb694e68) Importer(815301076,1909f56bfc062723c751e8b465ee728b)
Start importing Assets/Sprites/Personagem/FreeKnight_v1/Colour1/Outline/120x80_PNGSheets/_Idle.png using Guid(06ff589efe6d458479f69fedbb694e68) Importer(815301076,1909f56bfc062723c751e8b465ee728b)  -> (artifact id: '1b68f6d9083da7f6fa404673ed95aede') in 0.009418 seconds
  Import took 0.012753 seconds .

========================================================================
Received Import Request.
  Time since last request: 8.089117 seconds.
  path: Assets/Sprites/Personagem/FreeKnight_v1/Colour1/Outline/120x80_PNGSheets/_Idle.png
  artifactKey: Guid(06ff589efe6d458479f69fedbb694e68) Importer(815301076,1909f56bfc062723c751e8b465ee728b)
Start importing Assets/Sprites/Personagem/FreeKnight_v1/Colour1/Outline/120x80_PNGSheets/_Idle.png using Guid(06ff589efe6d458479f69fedbb694e68) Importer(815301076,1909f56bfc062723c751e8b465ee728b)  -> (artifact id: '7b844a67ee3f5eb175dc75b0f93790fd') in 0.030223 seconds
  Import took 0.034730 seconds .

========================================================================
Received Prepare
Registering precompiled user dll's ...
Registered in 0.000985 seconds.
Begin MonoManager ReloadAssembly
Native extension for WindowsStandalone target not found
Refreshing native plugins compatible for Editor in 0.44 ms, found 1 plugins.
Preloading 0 native plugins for Editor in 0.00 ms.
Invoked RoslynAnalysisRunner static constructor.
RoslynAnalysisRunner will not be running.
RoslynAnalysisRunner has terminated.
Mono: successfully reloaded assembly
- Completed reload, in  0.895 seconds
Platform modules already initialized, skipping
Refreshing native plugins compatible for Editor in 0.46 ms, found 1 plugins.
Preloading 0 native plugins for Editor in 0.00 ms.
Unloading 1938 Unused Serialized files (Serialized files now loaded: 0)
System memory in use before: 92.4 MB.
System memory in use after: 92.5 MB.

Unloading 8 unused Assets to reduce memory usage. Loaded Objects now: 2413.
Total: 2.801400 ms (FindLiveObjects: 0.465700 ms CreateObjectMapping: 0.214600 ms MarkObjects: 2.103800 ms  DeleteObjects: 0.015900 ms)

========================================================================
Received Import Request.
  Time since last request: 226.746156 seconds.
  path: Assets/Animacoes/ControlePersonagem.controller
  artifactKey: Guid(8aab0a1955be9e5429835c0ba2398f88) Importer(815301076,1909f56bfc062723c751e8b465ee728b)
Start importing Assets/Animacoes/ControlePersonagem.controller using Guid(8aab0a1955be9e5429835c0ba2398f88) Importer(815301076,1909f56bfc062723c751e8b465ee728b)  -> (artifact id: '23073d921bd002cc7a49b88d42abe62a') in 0.025080 seconds
  Import took 0.029187 seconds .

========================================================================
Received Import Request.
  Time since last request: 51.589506 seconds.
  path: Assets/Sprites/Personagem/FreeKnight_v1/Colour1/NoOutline/120x80_PNGSheets/_Idle.png
  artifactKey: Guid(7320e93db5699ff4e90bd0dc32353766) Importer(815301076,1909f56bfc062723c751e8b465ee728b)
Start importing Assets/Sprites/Personagem/FreeKnight_v1/Colour1/NoOutline/120x80_PNGSheets/_Idle.png using Guid(7320e93db5699ff4e90bd0dc32353766) Importer(815301076,1909f56bfc062723c751e8b465ee728b)  -> (artifact id: 'a081f069e3eb68d7d72e03a55ea365e5') in 0.039763 seconds
  Import took 0.043506 seconds .

========================================================================
Received Import Request.
  Time since last request: 0.023956 seconds.
  path: Assets/Sprites/Personagem/FreeKnight_v1/Colour1/NoOutline/120x80_PNGSheets/_Idle.png
  artifactKey: Guid(7320e93db5699ff4e90bd0dc32353766) Importer(815301076,1909f56bfc062723c751e8b465ee728b)
Start importing Assets/Sprites/Personagem/FreeKnight_v1/Colour1/NoOutline/120x80_PNGSheets/_Idle.png using Guid(7320e93db5699ff4e90bd0dc32353766) Importer(815301076,1909f56bfc062723c751e8b465ee728b)  -> (artifact id: 'a081f069e3eb68d7d72e03a55ea365e5') in 0.009280 seconds
  Import took 0.013781 seconds .

========================================================================
Received Prepare
Registering precompiled user dll's ...
Registered in 0.001053 seconds.
Begin MonoManager ReloadAssembly
Native extension for WindowsStandalone target not found
Refreshing native plugins compatible for Editor in 0.52 ms, found 1 plugins.
Preloading 0 native plugins for Editor in 0.00 ms.
Invoked RoslynAnalysisRunner static constructor.
RoslynAnalysisRunner will not be running.
RoslynAnalysisRunner has terminated.
Mono: successfully reloaded assembly
- Completed reload, in  0.941 seconds
Platform modules already initialized, skipping
Refreshing native plugins compatible for Editor in 0.46 ms, found 1 plugins.
Preloading 0 native plugins for Editor in 0.00 ms.
Unloading 1938 Unused Serialized files (Serialized files now loaded: 0)
System memory in use before: 92.4 MB.
System memory in use after: 92.6 MB.

Unloading 8 unused Assets to reduce memory usage. Loaded Objects now: 2417.
Total: 2.258500 ms (FindLiveObjects: 0.211900 ms CreateObjectMapping: 0.132200 ms MarkObjects: 1.873700 ms  DeleteObjects: 0.039900 ms)

========================================================================
Received Import Request.
  Time since last request: 7.805631 seconds.
  path: Assets/Sprites/Personagem/FreeKnight_v1/Colour1/NoOutline/120x80_PNGSheets/_Idle.png
  artifactKey: Guid(7320e93db5699ff4e90bd0dc32353766) Importer(815301076,1909f56bfc062723c751e8b465ee728b)
Start importing Assets/Sprites/Personagem/FreeKnight_v1/Colour1/NoOutline/120x80_PNGSheets/_Idle.png using Guid(7320e93db5699ff4e90bd0dc32353766) Importer(815301076,1909f56bfc062723c751e8b465ee728b)  -> (artifact id: '0bbd50efb58a7dc86afde1064b64d8b4') in 0.036272 seconds
  Import took 0.040221 seconds .

========================================================================
Received Import Request.
  Time since last request: 5.212986 seconds.
  path: Assets/Sprites/Personagem/FreeKnight_v1/Colour1/NoOutline/120x80_PNGSheets/_Idle.png
  artifactKey: Guid(7320e93db5699ff4e90bd0dc32353766) Importer(815301076,1909f56bfc062723c751e8b465ee728b)
Start importing Assets/Sprites/Personagem/FreeKnight_v1/Colour1/NoOutline/120x80_PNGSheets/_Idle.png using Guid(7320e93db5699ff4e90bd0dc32353766) Importer(815301076,1909f56bfc062723c751e8b465ee728b)  -> (artifact id: '04188055e50c1e859222852a40f3e13c') in 0.047615 seconds
  Import took 0.052919 seconds .

========================================================================
Received Prepare
Registering precompiled user dll's ...
Registered in 0.000968 seconds.
Begin MonoManager ReloadAssembly
Native extension for WindowsStandalone target not found
Refreshing native plugins compatible for Editor in 0.47 ms, found 1 plugins.
Preloading 0 native plugins for Editor in 0.00 ms.
Invoked RoslynAnalysisRunner static constructor.
RoslynAnalysisRunner will not be running.
RoslynAnalysisRunner has terminated.
Mono: successfully reloaded assembly
- Completed reload, in  0.901 seconds
Platform modules already initialized, skipping
Refreshing native plugins compatible for Editor in 0.44 ms, found 1 plugins.
Preloading 0 native plugins for Editor in 0.00 ms.
Unloading 1938 Unused Serialized files (Serialized files now loaded: 0)
System memory in use before: 92.5 MB.
System memory in use after: 92.6 MB.

Unloading 8 unused Assets to reduce memory usage. Loaded Objects now: 2423.
Total: 2.304500 ms (FindLiveObjects: 0.241600 ms CreateObjectMapping: 0.142100 ms MarkObjects: 1.894500 ms  DeleteObjects: 0.025200 ms)

========================================================================
Received Prepare
Registering precompiled user dll's ...
Registered in 0.001097 seconds.
Begin MonoManager ReloadAssembly
Native extension for WindowsStandalone target not found
Refreshing native plugins compatible for Editor in 0.46 ms, found 1 plugins.
Preloading 0 native plugins for Editor in 0.00 ms.
Invoked RoslynAnalysisRunner static constructor.
RoslynAnalysisRunner will not be running.
RoslynAnalysisRunner has terminated.
Mono: successfully reloaded assembly
- Completed reload, in  0.906 seconds
Platform modules already initialized, skipping
Refreshing native plugins compatible for Editor in 0.45 ms, found 1 plugins.
Preloading 0 native plugins for Editor in 0.00 ms.
Unloading 1938 Unused Serialized files (Serialized files now loaded: 0)
System memory in use before: 92.5 MB.
System memory in use after: 92.6 MB.

Unloading 8 unused Assets to reduce memory usage. Loaded Objects now: 2426.
Total: 2.519400 ms (FindLiveObjects: 0.273500 ms CreateObjectMapping: 0.166400 ms MarkObjects: 2.053700 ms  DeleteObjects: 0.024900 ms)

========================================================================
Received Prepare
Registering precompiled user dll's ...
Registered in 0.001149 seconds.
Begin MonoManager ReloadAssembly
Native extension for WindowsStandalone target not found
Refreshing native plugins compatible for Editor in 0.46 ms, found 1 plugins.
Preloading 0 native plugins for Editor in 0.00 ms.
Invoked RoslynAnalysisRunner static constructor.
RoslynAnalysisRunner will not be running.
RoslynAnalysisRunner has terminated.
Mono: successfully reloaded assembly
- Completed reload, in  0.910 seconds
Platform modules already initialized, skipping
Refreshing native plugins compatible for Editor in 0.45 ms, found 1 plugins.
Preloading 0 native plugins for Editor in 0.00 ms.
Unloading 1938 Unused Serialized files (Serialized files now loaded: 0)
System memory in use before: 92.5 MB.
System memory in use after: 92.6 MB.

Unloading 8 unused Assets to reduce memory usage. Loaded Objects now: 2429.
Total: 2.529200 ms (FindLiveObjects: 0.297900 ms CreateObjectMapping: 0.177600 ms MarkObjects: 1.999200 ms  DeleteObjects: 0.035500 ms)

========================================================================
Received Import Request.
  Time since last request: 135.117333 seconds.
  path: Assets/Sprites/Personagem/FreeKnight_v1/Colour1/NoOutline/120x80_PNGSheets/_Run.png
  artifactKey: Guid(a68300010fa81524a90b12b0fecf5291) Importer(815301076,1909f56bfc062723c751e8b465ee728b)
Start importing Assets/Sprites/Personagem/FreeKnight_v1/Colour1/NoOutline/120x80_PNGSheets/_Run.png using Guid(a68300010fa81524a90b12b0fecf5291) Importer(815301076,1909f56bfc062723c751e8b465ee728b)  -> (artifact id: '228497de6d88c0e9f9d0d88e8c72cd47') in 0.050417 seconds
  Import took 0.054573 seconds .

========================================================================
Received Import Request.
  Time since last request: 8.892853 seconds.
  path: Assets/Sprites/Personagem/FreeKnight_v1/Colour1/NoOutline/120x80_PNGSheets/_JumpFallInbetween.png
  artifactKey: Guid(f32af361cbde02d4eb3e39fd6efd16a6) Importer(815301076,1909f56bfc062723c751e8b465ee728b)
Start importing Assets/Sprites/Personagem/FreeKnight_v1/Colour1/NoOutline/120x80_PNGSheets/_JumpFallInbetween.png using Guid(f32af361cbde02d4eb3e39fd6efd16a6) Importer(815301076,1909f56bfc062723c751e8b465ee728b)  -> (artifact id: 'ff0940c20b5d2ba9b2585bf87d37e405') in 0.016830 seconds
  Import took 0.020627 seconds .

========================================================================
Received Import Request.
  Time since last request: 2.325524 seconds.
  path: Assets/Sprites/Personagem/FreeKnight_v1/Colour1/NoOutline/120x80_PNGSheets/_Jump.png
  artifactKey: Guid(c98c3b8cb2e098b4a99fe6c98931b421) Importer(815301076,1909f56bfc062723c751e8b465ee728b)
Start importing Assets/Sprites/Personagem/FreeKnight_v1/Colour1/NoOutline/120x80_PNGSheets/_Jump.png using Guid(c98c3b8cb2e098b4a99fe6c98931b421) Importer(815301076,1909f56bfc062723c751e8b465ee728b)  -> (artifact id: '36da1f5ab165d799f2079e0a8052407f') in 0.015022 seconds
  Import took 0.018778 seconds .

========================================================================
Received Prepare
Registering precompiled user dll's ...
Registered in 0.001084 seconds.
Begin MonoManager ReloadAssembly
Native extension for WindowsStandalone target not found
Refreshing native plugins compatible for Editor in 0.44 ms, found 1 plugins.
Preloading 0 native plugins for Editor in 0.00 ms.
Invoked RoslynAnalysisRunner static constructor.
RoslynAnalysisRunner will not be running.
RoslynAnalysisRunner has terminated.
Mono: successfully reloaded assembly
- Completed reload, in  0.919 seconds
Platform modules already initialized, skipping
Refreshing native plugins compatible for Editor in 0.52 ms, found 1 plugins.
Preloading 0 native plugins for Editor in 0.00 ms.
Unloading 1938 Unused Serialized files (Serialized files now loaded: 0)
System memory in use before: 92.5 MB.
System memory in use after: 92.6 MB.

Unloading 8 unused Assets to reduce memory usage. Loaded Objects now: 2437.
Total: 2.297900 ms (FindLiveObjects: 0.216700 ms CreateObjectMapping: 0.132900 ms MarkObjects: 1.923800 ms  DeleteObjects: 0.023700 ms)

========================================================================
Received Import Request.
  Time since last request: 31.550846 seconds.
  path: Assets/Sprites/Personagem/FreeKnight_v1/Colour1/NoOutline/120x80_PNGSheets/_Run.png
  artifactKey: Guid(a68300010fa81524a90b12b0fecf5291) Importer(815301076,1909f56bfc062723c751e8b465ee728b)
Start importing Assets/Sprites/Personagem/FreeKnight_v1/Colour1/NoOutline/120x80_PNGSheets/_Run.png using Guid(a68300010fa81524a90b12b0fecf5291) Importer(815301076,1909f56bfc062723c751e8b465ee728b)  -> (artifact id: '3f4275d26dfcc73fb15c9005cbaae320') in 0.038475 seconds
  Import took 0.042774 seconds .

========================================================================
Received Import Request.
  Time since last request: 3.150651 seconds.
  path: Assets/Sprites/Personagem/FreeKnight_v1/Colour1/NoOutline/120x80_PNGSheets/_Run.png
  artifactKey: Guid(a68300010fa81524a90b12b0fecf5291) Importer(815301076,1909f56bfc062723c751e8b465ee728b)
Start importing Assets/Sprites/Personagem/FreeKnight_v1/Colour1/NoOutline/120x80_PNGSheets/_Run.png using Guid(a68300010fa81524a90b12b0fecf5291) Importer(815301076,1909f56bfc062723c751e8b465ee728b)  -> (artifact id: '787ffbc57b5cc4365042f8a8b783c480') in 0.061854 seconds
  Import took 0.065711 seconds .

========================================================================
Received Import Request.
  Time since last request: 29.368148 seconds.
  path: Assets/Sprites/Personagem/FreeKnight_v1/Colour1/NoOutline/120x80_PNGSheets/_Fall.png
  artifactKey: Guid(cf88e5e3507c86940a6c655764d55c03) Importer(815301076,1909f56bfc062723c751e8b465ee728b)
Start importing Assets/Sprites/Personagem/FreeKnight_v1/Colour1/NoOutline/120x80_PNGSheets/_Fall.png using Guid(cf88e5e3507c86940a6c655764d55c03) Importer(815301076,1909f56bfc062723c751e8b465ee728b)  -> (artifact id: '2a844c14e0a426fc68eccecf6d619330') in 0.014097 seconds
  Import took 0.018578 seconds .

========================================================================
Received Import Request.
  Time since last request: 0.001963 seconds.
  path: Assets/Sprites/Personagem/FreeKnight_v1/Colour1/NoOutline/120x80_PNGSheets/_Fall.png
  artifactKey: Guid(cf88e5e3507c86940a6c655764d55c03) Importer(815301076,1909f56bfc062723c751e8b465ee728b)
Start importing Assets/Sprites/Personagem/FreeKnight_v1/Colour1/NoOutline/120x80_PNGSheets/_Fall.png using Guid(cf88e5e3507c86940a6c655764d55c03) Importer(815301076,1909f56bfc062723c751e8b465ee728b)  -> (artifact id: '2a844c14e0a426fc68eccecf6d619330') in 0.009491 seconds
  Import took 0.013229 seconds .

========================================================================
Received Import Request.
  Time since last request: 5.973575 seconds.
  path: Assets/Sprites/Personagem/FreeKnight_v1/Colour1/NoOutline/120x80_PNGSheets/_Death.png
  artifactKey: Guid(228c6a264a97800468a4a071fae8d5fc) Importer(815301076,1909f56bfc062723c751e8b465ee728b)
Start importing Assets/Sprites/Personagem/FreeKnight_v1/Colour1/NoOutline/120x80_PNGSheets/_Death.png using Guid(228c6a264a97800468a4a071fae8d5fc) Importer(815301076,1909f56bfc062723c751e8b465ee728b)  -> (artifact id: '5caf8c95810c8e5b7d87173446ac68b2') in 0.013676 seconds
  Import took 0.017678 seconds .

========================================================================
Received Import Request.
  Time since last request: 0.005880 seconds.
  path: Assets/Sprites/Personagem/FreeKnight_v1/Colour1/NoOutline/120x80_PNGSheets/_Death.png
  artifactKey: Guid(228c6a264a97800468a4a071fae8d5fc) Importer(815301076,1909f56bfc062723c751e8b465ee728b)
Start importing Assets/Sprites/Personagem/FreeKnight_v1/Colour1/NoOutline/120x80_PNGSheets/_Death.png using Guid(228c6a264a97800468a4a071fae8d5fc) Importer(815301076,1909f56bfc062723c751e8b465ee728b)  -> (artifact id: '5caf8c95810c8e5b7d87173446ac68b2') in 0.009356 seconds
  Import took 0.013108 seconds .

========================================================================
Received Import Request.
  Time since last request: 1.052844 seconds.
  path: Assets/Sprites/Personagem/FreeKnight_v1/Colour1/NoOutline/120x80_PNGSheets/_DeathNoMovement.png
  artifactKey: Guid(2a9d7cb3941c73e46aa8c9434aef1d2d) Importer(815301076,1909f56bfc062723c751e8b465ee728b)
Start importing Assets/Sprites/Personagem/FreeKnight_v1/Colour1/NoOutline/120x80_PNGSheets/_DeathNoMovement.png using Guid(2a9d7cb3941c73e46aa8c9434aef1d2d) Importer(815301076,1909f56bfc062723c751e8b465ee728b)  -> (artifact id: 'a0d5f3ad9ada274b13924639a9397631') in 0.023519 seconds
  Import took 0.032955 seconds .

========================================================================
Received Import Request.
  Time since last request: 16.120506 seconds.
  path: Assets/Sprites/Personagem/FreeKnight_v1/Colour1/NoOutline/120x80_PNGSheets/_Death.png
  artifactKey: Guid(228c6a264a97800468a4a071fae8d5fc) Importer(815301076,1909f56bfc062723c751e8b465ee728b)
Start importing Assets/Sprites/Personagem/FreeKnight_v1/Colour1/NoOutline/120x80_PNGSheets/_Death.png using Guid(228c6a264a97800468a4a071fae8d5fc) Importer(815301076,1909f56bfc062723c751e8b465ee728b)  -> (artifact id: '48ae7e9652f59728cc40fa748b7d7d28') in 0.010037 seconds
  Import took 0.015013 seconds .

========================================================================
Received Import Request.
  Time since last request: 5.487331 seconds.
  path: Assets/Sprites/Personagem/FreeKnight_v1/Colour1/NoOutline/120x80_PNGSheets/_Death.png
  artifactKey: Guid(228c6a264a97800468a4a071fae8d5fc) Importer(815301076,1909f56bfc062723c751e8b465ee728b)
Start importing Assets/Sprites/Personagem/FreeKnight_v1/Colour1/NoOutline/120x80_PNGSheets/_Death.png using Guid(228c6a264a97800468a4a071fae8d5fc) Importer(815301076,1909f56bfc062723c751e8b465ee728b)  -> (artifact id: '945d9bea1dd7bf70378022eda65287d2') in 0.040016 seconds
  Import took 0.043790 seconds .

========================================================================
Received Import Request.
  Time since last request: 29.154321 seconds.
  path: Assets/Sprites/Personagem/FreeKnight_v1/Colour1/NoOutline/120x80_PNGSheets/_Attack2.png
  artifactKey: Guid(2a6fde4811be04641ac4d7490234beaf) Importer(815301076,1909f56bfc062723c751e8b465ee728b)
Start importing Assets/Sprites/Personagem/FreeKnight_v1/Colour1/NoOutline/120x80_PNGSheets/_Attack2.png using Guid(2a6fde4811be04641ac4d7490234beaf) Importer(815301076,1909f56bfc062723c751e8b465ee728b)  -> (artifact id: '1359afc1cee026f21322ca7996666f9d') in 0.016275 seconds
  Import took 0.020041 seconds .

========================================================================
Received Import Request.
  Time since last request: 0.000742 seconds.
  path: Assets/Sprites/Personagem/FreeKnight_v1/Colour1/NoOutline/120x80_PNGSheets/_Attack2.png
  artifactKey: Guid(2a6fde4811be04641ac4d7490234beaf) Importer(815301076,1909f56bfc062723c751e8b465ee728b)
Start importing Assets/Sprites/Personagem/FreeKnight_v1/Colour1/NoOutline/120x80_PNGSheets/_Attack2.png using Guid(2a6fde4811be04641ac4d7490234beaf) Importer(815301076,1909f56bfc062723c751e8b465ee728b)  -> (artifact id: '1359afc1cee026f21322ca7996666f9d') in 0.010302 seconds
  Import took 0.015133 seconds .

========================================================================
Received Import Request.
  Time since last request: 1.477006 seconds.
  path: Assets/Sprites/Personagem/FreeKnight_v1/Colour1/NoOutline/120x80_PNGSheets/_Attack2NoMovement.png
  artifactKey: Guid(294c9f236067a9541a71856c53c430e6) Importer(815301076,1909f56bfc062723c751e8b465ee728b)
Start importing Assets/Sprites/Personagem/FreeKnight_v1/Colour1/NoOutline/120x80_PNGSheets/_Attack2NoMovement.png using Guid(294c9f236067a9541a71856c53c430e6) Importer(815301076,1909f56bfc062723c751e8b465ee728b)  -> (artifact id: 'a28b9fb0561c5f1e8943126607a15653') in 0.013949 seconds
  Import took 0.017656 seconds .

========================================================================
Received Import Request.
  Time since last request: 0.000640 seconds.
  path: Assets/Sprites/Personagem/FreeKnight_v1/Colour1/NoOutline/120x80_PNGSheets/_Attack2NoMovement.png
  artifactKey: Guid(294c9f236067a9541a71856c53c430e6) Importer(815301076,1909f56bfc062723c751e8b465ee728b)
Start importing Assets/Sprites/Personagem/FreeKnight_v1/Colour1/NoOutline/120x80_PNGSheets/_Attack2NoMovement.png using Guid(294c9f236067a9541a71856c53c430e6) Importer(815301076,1909f56bfc062723c751e8b465ee728b)  -> (artifact id: 'a28b9fb0561c5f1e8943126607a15653') in 0.009664 seconds
  Import took 0.013649 seconds .

========================================================================
Received Import Request.
  Time since last request: 1.493258 seconds.
  path: Assets/Sprites/Personagem/FreeKnight_v1/Colour1/NoOutline/120x80_PNGSheets/_AttackCombo.png
  artifactKey: Guid(add4f6e65624bd84eb39f9fd5c76c657) Importer(815301076,1909f56bfc062723c751e8b465ee728b)
Start importing Assets/Sprites/Personagem/FreeKnight_v1/Colour1/NoOutline/120x80_PNGSheets/_AttackCombo.png using Guid(add4f6e65624bd84eb39f9fd5c76c657) Importer(815301076,1909f56bfc062723c751e8b465ee728b)  -> (artifact id: '63e76d38f87ffadb417801fbb8bf5ae5') in 0.013907 seconds
  Import took 0.017952 seconds .

========================================================================
Received Import Request.
  Time since last request: 0.000371 seconds.
  path: Assets/Sprites/Personagem/FreeKnight_v1/Colour1/NoOutline/120x80_PNGSheets/_AttackCombo.png
  artifactKey: Guid(add4f6e65624bd84eb39f9fd5c76c657) Importer(815301076,1909f56bfc062723c751e8b465ee728b)
Start importing Assets/Sprites/Personagem/FreeKnight_v1/Colour1/NoOutline/120x80_PNGSheets/_AttackCombo.png using Guid(add4f6e65624bd84eb39f9fd5c76c657) Importer(815301076,1909f56bfc062723c751e8b465ee728b)  -> (artifact id: '63e76d38f87ffadb417801fbb8bf5ae5') in 0.009923 seconds
  Import took 0.013742 seconds .

========================================================================
Received Import Request.
  Time since last request: 3.315436 seconds.
  path: Assets/Sprites/Personagem/FreeKnight_v1/Colour1/NoOutline/120x80_PNGSheets/_AttackComboNoMovement.png
  artifactKey: Guid(edce9609b73f4f643b9768162736e3a1) Importer(815301076,1909f56bfc062723c751e8b465ee728b)
Start importing Assets/Sprites/Personagem/FreeKnight_v1/Colour1/NoOutline/120x80_PNGSheets/_AttackComboNoMovement.png using Guid(edce9609b73f4f643b9768162736e3a1) Importer(815301076,1909f56bfc062723c751e8b465ee728b)  -> (artifact id: '6f1747bf1a7f9055bcc7817b445d7402') in 0.013475 seconds
  Import took 0.017231 seconds .

========================================================================
Received Import Request.
  Time since last request: 0.000660 seconds.
  path: Assets/Sprites/Personagem/FreeKnight_v1/Colour1/NoOutline/120x80_PNGSheets/_AttackComboNoMovement.png
  artifactKey: Guid(edce9609b73f4f643b9768162736e3a1) Importer(815301076,1909f56bfc062723c751e8b465ee728b)
Start importing Assets/Sprites/Personagem/FreeKnight_v1/Colour1/NoOutline/120x80_PNGSheets/_AttackComboNoMovement.png using Guid(edce9609b73f4f643b9768162736e3a1) Importer(815301076,1909f56bfc062723c751e8b465ee728b)  -> (artifact id: '6f1747bf1a7f9055bcc7817b445d7402') in 0.008746 seconds
  Import took 0.013113 seconds .

========================================================================
Received Import Request.
  Time since last request: 4.469242 seconds.
  path: Assets/Sprites/Personagem/FreeKnight_v1/Colour1/NoOutline/120x80_PNGSheets/_Attack.png
  artifactKey: Guid(975d647d818fa634d9658df47d04aa72) Importer(815301076,1909f56bfc062723c751e8b465ee728b)
Start importing Assets/Sprites/Personagem/FreeKnight_v1/Colour1/NoOutline/120x80_PNGSheets/_Attack.png using Guid(975d647d818fa634d9658df47d04aa72) Importer(815301076,1909f56bfc062723c751e8b465ee728b)  -> (artifact id: 'fce8983c344acc03c646127416674407') in 0.011558 seconds
  Import took 0.015661 seconds .

========================================================================
Received Import Request.
  Time since last request: 12.034208 seconds.
  path: Assets/Sprites/Personagem/FreeKnight_v1/Colour1/NoOutline/120x80_PNGSheets/_Attack.png
  artifactKey: Guid(975d647d818fa634d9658df47d04aa72) Importer(815301076,1909f56bfc062723c751e8b465ee728b)
Start importing Assets/Sprites/Personagem/FreeKnight_v1/Colour1/NoOutline/120x80_PNGSheets/_Attack.png using Guid(975d647d818fa634d9658df47d04aa72) Importer(815301076,1909f56bfc062723c751e8b465ee728b)  -> (artifact id: 'ac69395fb95fc3166f548b29c9ea6968') in 0.010308 seconds
  Import took 0.014046 seconds .

========================================================================
Received Import Request.
  Time since last request: 8.987874 seconds.
  path: Assets/Sprites/Personagem/FreeKnight_v1/Colour1/NoOutline/120x80_PNGSheets/_Attack.png
  artifactKey: Guid(975d647d818fa634d9658df47d04aa72) Importer(815301076,1909f56bfc062723c751e8b465ee728b)
Start importing Assets/Sprites/Personagem/FreeKnight_v1/Colour1/NoOutline/120x80_PNGSheets/_Attack.png using Guid(975d647d818fa634d9658df47d04aa72) Importer(815301076,1909f56bfc062723c751e8b465ee728b)  -> (artifact id: 'f1b4dcdc9b1ad2481417cdcccf4b298e') in 0.025547 seconds
  Import took 0.030119 seconds .

========================================================================
Received Import Request.
  Time since last request: 29.305682 seconds.
  path: Assets/Sprites/Personagem/FreeKnight_v1/Colour1/NoOutline/120x80_PNGSheets/_Attack2.png
  artifactKey: Guid(2a6fde4811be04641ac4d7490234beaf) Importer(815301076,1909f56bfc062723c751e8b465ee728b)
Start importing Assets/Sprites/Personagem/FreeKnight_v1/Colour1/NoOutline/120x80_PNGSheets/_Attack2.png using Guid(2a6fde4811be04641ac4d7490234beaf) Importer(815301076,1909f56bfc062723c751e8b465ee728b)  -> (artifact id: '28a5a30103a9b1eb8b56bca29c767f1f') in 0.009226 seconds
  Import took 0.013311 seconds .

========================================================================
Received Import Request.
  Time since last request: 3.359643 seconds.
  path: Assets/Sprites/Personagem/FreeKnight_v1/Colour1/NoOutline/120x80_PNGSheets/_Attack2.png
  artifactKey: Guid(2a6fde4811be04641ac4d7490234beaf) Importer(815301076,1909f56bfc062723c751e8b465ee728b)
Start importing Assets/Sprites/Personagem/FreeKnight_v1/Colour1/NoOutline/120x80_PNGSheets/_Attack2.png using Guid(2a6fde4811be04641ac4d7490234beaf) Importer(815301076,1909f56bfc062723c751e8b465ee728b)  -> (artifact id: 'c891bf016d97ca93252393985ef6a827') in 0.033916 seconds
  Import took 0.038148 seconds .

========================================================================
Received Prepare
Registering precompiled user dll's ...
Registered in 0.001003 seconds.
Begin MonoManager ReloadAssembly
Native extension for WindowsStandalone target not found
Refreshing native plugins compatible for Editor in 0.56 ms, found 1 plugins.
Preloading 0 native plugins for Editor in 0.00 ms.
Invoked RoslynAnalysisRunner static constructor.
RoslynAnalysisRunner will not be running.
RoslynAnalysisRunner has terminated.
Mono: successfully reloaded assembly
- Completed reload, in  0.923 seconds
Platform modules already initialized, skipping
Refreshing native plugins compatible for Editor in 0.46 ms, found 1 plugins.
Preloading 0 native plugins for Editor in 0.00 ms.
Unloading 1938 Unused Serialized files (Serialized files now loaded: 0)
System memory in use before: 92.6 MB.
System memory in use after: 92.7 MB.

Unloading 8 unused Assets to reduce memory usage. Loaded Objects now: 2495.
Total: 2.408600 ms (FindLiveObjects: 0.234900 ms CreateObjectMapping: 0.142400 ms MarkObjects: 1.995500 ms  DeleteObjects: 0.035200 ms)

========================================================================
Received Prepare
Registering precompiled user dll's ...
Registered in 0.001241 seconds.
Begin MonoManager ReloadAssembly
Native extension for WindowsStandalone target not found
Refreshing native plugins compatible for Editor in 0.45 ms, found 1 plugins.
Preloading 0 native plugins for Editor in 0.00 ms.
Invoked RoslynAnalysisRunner static constructor.
RoslynAnalysisRunner will not be running.
RoslynAnalysisRunner has terminated.
Mono: successfully reloaded assembly
- Completed reload, in  0.917 seconds
Platform modules already initialized, skipping
Refreshing native plugins compatible for Editor in 0.44 ms, found 1 plugins.
Preloading 0 native plugins for Editor in 0.00 ms.
Unloading 1938 Unused Serialized files (Serialized files now loaded: 0)
System memory in use before: 92.6 MB.
System memory in use after: 92.7 MB.

Unloading 8 unused Assets to reduce memory usage. Loaded Objects now: 2498.
Total: 2.439700 ms (FindLiveObjects: 0.290600 ms CreateObjectMapping: 0.133200 ms MarkObjects: 1.981000 ms  DeleteObjects: 0.034000 ms)

========================================================================
Received Import Request.
  Time since last request: 143.012359 seconds.
  path: Assets/Sprites/Personagem/FreeKnight_v1/Colour1/NoOutline/120x80_PNGSheets/_Fall.png
  artifactKey: Guid(cf88e5e3507c86940a6c655764d55c03) Importer(815301076,1909f56bfc062723c751e8b465ee728b)
Start importing Assets/Sprites/Personagem/FreeKnight_v1/Colour1/NoOutline/120x80_PNGSheets/_Fall.png using Guid(cf88e5e3507c86940a6c655764d55c03) Importer(815301076,1909f56bfc062723c751e8b465ee728b)  -> (artifact id: '48e23d6f959001e5e5063c18ca874fe9') in 0.034239 seconds
  Import took 0.038087 seconds .

========================================================================
Received Import Request.
  Time since last request: 4.977795 seconds.
  path: Assets/Sprites/Personagem/FreeKnight_v1/Colour1/NoOutline/120x80_PNGSheets/_Fall.png
  artifactKey: Guid(cf88e5e3507c86940a6c655764d55c03) Importer(815301076,1909f56bfc062723c751e8b465ee728b)
Start importing Assets/Sprites/Personagem/FreeKnight_v1/Colour1/NoOutline/120x80_PNGSheets/_Fall.png using Guid(cf88e5e3507c86940a6c655764d55c03) Importer(815301076,1909f56bfc062723c751e8b465ee728b)  -> (artifact id: 'e60186642c1932793dcaa2f694a936b4') in 0.034228 seconds
  Import took 0.037780 seconds .

========================================================================
Received Import Request.
  Time since last request: 17.770064 seconds.
  path: Assets/Sprites/Personagem/FreeKnight_v1/Colour1/NoOutline/120x80_PNGSheets/_Jump.png
  artifactKey: Guid(c98c3b8cb2e098b4a99fe6c98931b421) Importer(815301076,1909f56bfc062723c751e8b465ee728b)
Start importing Assets/Sprites/Personagem/FreeKnight_v1/Colour1/NoOutline/120x80_PNGSheets/_Jump.png using Guid(c98c3b8cb2e098b4a99fe6c98931b421) Importer(815301076,1909f56bfc062723c751e8b465ee728b)  -> (artifact id: '166a72fabc2bfb732e425277d597b207') in 0.010637 seconds
  Import took 0.014537 seconds .

========================================================================
Received Import Request.
  Time since last request: 4.532920 seconds.
  path: Assets/Sprites/Personagem/FreeKnight_v1/Colour1/NoOutline/120x80_PNGSheets/_Jump.png
  artifactKey: Guid(c98c3b8cb2e098b4a99fe6c98931b421) Importer(815301076,1909f56bfc062723c751e8b465ee728b)
Start importing Assets/Sprites/Personagem/FreeKnight_v1/Colour1/NoOutline/120x80_PNGSheets/_Jump.png using Guid(c98c3b8cb2e098b4a99fe6c98931b421) Importer(815301076,1909f56bfc062723c751e8b465ee728b)  -> (artifact id: '6448acf9c25d03d1ac3c4aa922353d79') in 0.019321 seconds
  Import took 0.023272 seconds .

========================================================================
Received Import Request.
  Time since last request: 4.141824 seconds.
  path: Assets/Sprites/Personagem/FreeKnight_v1/Colour1/NoOutline/120x80_PNGSheets/_JumpFallInbetween.png
  artifactKey: Guid(f32af361cbde02d4eb3e39fd6efd16a6) Importer(815301076,1909f56bfc062723c751e8b465ee728b)
Start importing Assets/Sprites/Personagem/FreeKnight_v1/Colour1/NoOutline/120x80_PNGSheets/_JumpFallInbetween.png using Guid(f32af361cbde02d4eb3e39fd6efd16a6) Importer(815301076,1909f56bfc062723c751e8b465ee728b)  -> (artifact id: 'd57b5cfb0d3d1edffffe93be3b9e0e61') in 0.010017 seconds
  Import took 0.013932 seconds .

========================================================================
Received Import Request.
  Time since last request: 5.028996 seconds.
  path: Assets/Sprites/Personagem/FreeKnight_v1/Colour1/NoOutline/120x80_PNGSheets/_JumpFallInbetween.png
  artifactKey: Guid(f32af361cbde02d4eb3e39fd6efd16a6) Importer(815301076,1909f56bfc062723c751e8b465ee728b)
Start importing Assets/Sprites/Personagem/FreeKnight_v1/Colour1/NoOutline/120x80_PNGSheets/_JumpFallInbetween.png using Guid(f32af361cbde02d4eb3e39fd6efd16a6) Importer(815301076,1909f56bfc062723c751e8b465ee728b)  -> (artifact id: '5015a0699cf7b3e49a84c86b4a59de61') in 0.016894 seconds
  Import took 0.022214 seconds .

AssetImportWorkerClient::OnTransportError - code=2 error=End of file
